# JRE version: Java(TM) SE Runtime Environment (8.0_121-b13) (build 1.8.0_121-b13)
# Java VM: Java HotSpot(TM) 64-Bit Server VM (25.121-b13 mixed mode windows-amd64 compressed oops)
Heap:
 PSYoungGen      total 422912K, used 10193K [0x000000076b600000, 0x0000000787200000, 0x00000007c0000000)
  eden space 391168K, 0% used [0x000000076b600000,0x000000076b600000,0x0000000783400000)
  from space 31744K, 32% used [0x0000000785300000,0x0000000785cf46a8,0x0000000787200000)
  to   space 31744K, 0% used [0x0000000783400000,0x0000000783400000,0x0000000785300000)
 ParOldGen       total 123904K, used 46186K [0x00000006c2200000, 0x00000006c9b00000, 0x000000076b600000)
  object space 123904K, 37% used [0x00000006c2200000,0x00000006c4f1ab60,0x00000006c9b00000)
 Metaspace       used 23632K, capacity 24224K, committed 24496K, reserved 1071104K
  class space    used 2741K, capacity 2943K, committed 2992K, reserved 1048576K
GC Heap History (10 events):
Event: 4.812 GC heap after
Heap after GC invocations=5 (full 0):
 PSYoungGen      total 140800K, used 10736K [0x000000076b600000, 0x000000077d600000, 0x00000007c0000000)
  eden space 130048K, 0% used [0x000000076b600000,0x000000076b600000,0x0000000773500000)
  from space 10752K, 99% used [0x0000000773500000,0x0000000773f7c250,0x0000000773f80000)
  to   space 17408K, 0% used [0x000000077c500000,0x000000077c500000,0x000000077d600000)
 ParOldGen       total 173568K, used 11509K [0x00000006c2200000, 0x00000006ccb80000, 0x000000076b600000)
  object space 173568K, 6% used [0x00000006c2200000,0x00000006c2d3d4c0,0x00000006ccb80000)
 Metaspace       used 20491K, capacity 20806K, committed 20992K, reserved 1067008K
  class space    used 2365K, capacity 2513K, committed 2560K, reserved 1048576K
}
Event: 5.494 GC heap before
{Heap before GC invocations=6 (full 0):
 PSYoungGen      total 140800K, used 115174K [0x000000076b600000, 0x000000077d600000, 0x00000007c0000000)
  eden space 130048K, 80% used [0x000000076b600000,0x0000000771bfd7e0,0x0000000773500000)
  from space 10752K, 99% used [0x0000000773500000,0x0000000773f7c250,0x0000000773f80000)
  to   space 17408K, 0% used [0x000000077c500000,0x000000077c500000,0x000000077d600000)
 ParOldGen       total 173568K, used 11509K [0x00000006c2200000, 0x00000006ccb80000, 0x000000076b600000)
  object space 173568K, 6% used [0x00000006c2200000,0x00000006c2d3d4c0,0x00000006ccb80000)
 Metaspace       used 20790K, capacity 21150K, committed 21296K, reserved 1069056K
  class space    used 2402K, capacity 2585K, committed 2608K, reserved 1048576K
Event: 5.507 GC heap after
Heap after GC invocations=6 (full 0):
 PSYoungGen      total 277504K, used 13888K [0x000000076b600000, 0x000000077d600000, 0x00000007c0000000)
  eden space 260096K, 0% used [0x000000076b600000,0x000000076b600000,0x000000077b400000)
  from space 17408K, 79% used [0x000000077c500000,0x000000077d290280,0x000000077d600000)
  to   space 17408K, 0% used [0x000000077b400000,0x000000077b400000,0x000000077c500000)
 ParOldGen       total 173568K, used 11517K [0x00000006c2200000, 0x00000006ccb80000, 0x000000076b600000)
  object space 173568K, 6% used [0x00000006c2200000,0x00000006c2d3f4c0,0x00000006ccb80000)
 Metaspace       used 20790K, capacity 21150K, committed 21296K, reserved 1069056K
  class space    used 2402K, capacity 2585K, committed 2608K, reserved 1048576K
}
Event: 5.507 GC heap before
{Heap before GC invocations=7 (full 1):
 PSYoungGen      total 277504K, used 13888K [0x000000076b600000, 0x000000077d600000, 0x00000007c0000000)
  eden space 260096K, 0% used [0x000000076b600000,0x000000076b600000,0x000000077b400000)
  from space 17408K, 79% used [0x000000077c500000,0x000000077d290280,0x000000077d600000)
  to   space 17408K, 0% used [0x000000077b400000,0x000000077b400000,0x000000077c500000)
 ParOldGen       total 173568K, used 11517K [0x00000006c2200000, 0x00000006ccb80000, 0x000000076b600000)
  object space 173568K, 6% used [0x00000006c2200000,0x00000006c2d3f4c0,0x00000006ccb80000)
 Metaspace       used 20790K, capacity 21150K, committed 21296K, reserved 1069056K
  class space    used 2402K, capacity 2585K, committed 2608K, reserved 1048576K
Event: 5.576 GC heap after
Heap after GC invocations=7 (full 1):
 PSYoungGen      total 277504K, used 0K [0x000000076b600000, 0x000000077d600000, 0x00000007c0000000)
  eden space 260096K, 0% used [0x000000076b600000,0x000000076b600000,0x000000077b400000)
  from space 17408K, 0% used [0x000000077c500000,0x000000077c500000,0x000000077d600000)
  to   space 17408K, 0% used [0x000000077b400000,0x000000077b400000,0x000000077c500000)
 ParOldGen       total 123904K, used 20752K [0x00000006c2200000, 0x00000006c9b00000, 0x000000076b600000)
  object space 123904K, 16% used [0x00000006c2200000,0x00000006c3644320,0x00000006c9b00000)
 Metaspace       used 20790K, capacity 21150K, committed 21296K, reserved 1069056K
  class space    used 2402K, capacity 2585K, committed 2608K, reserved 1048576K
}
Event: 7.999 GC heap before
{Heap before GC invocations=8 (full 1):
 PSYoungGen      total 277504K, used 260096K [0x000000076b600000, 0x000000077d600000, 0x00000007c0000000)
  eden space 260096K, 100% used [0x000000076b600000,0x000000077b400000,0x000000077b400000)
  from space 17408K, 0% used [0x000000077c500000,0x000000077c500000,0x000000077d600000)
  to   space 17408K, 0% used [0x000000077b400000,0x000000077b400000,0x000000077c500000)
 ParOldGen       total 123904K, used 20752K [0x00000006c2200000, 0x00000006c9b00000, 0x000000076b600000)
  object space 123904K, 16% used [0x00000006c2200000,0x00000006c3644320,0x00000006c9b00000)
 Metaspace       used 23613K, capacity 24224K, committed 24496K, reserved 1071104K
  class space    used 2740K, capacity 2943K, committed 2992K, reserved 1048576K
Event: 8.034 GC heap after
Heap after GC invocations=8 (full 1):
 PSYoungGen      total 277504K, used 17398K [0x000000076b600000, 0x0000000787200000, 0x00000007c0000000)
  eden space 260096K, 0% used [0x000000076b600000,0x000000076b600000,0x000000077b400000)
  from space 17408K, 99% used [0x000000077b400000,0x000000077c4fdb60,0x000000077c500000)
  to   space 31744K, 0% used [0x0000000785300000,0x0000000785300000,0x0000000787200000)
 ParOldGen       total 123904K, used 46186K [0x00000006c2200000, 0x00000006c9b00000, 0x000000076b600000)
  object space 123904K, 37% used [0x00000006c2200000,0x00000006c4f1ab60,0x00000006c9b00000)
 Metaspace       used 23613K, capacity 24224K, committed 24496K, reserved 1071104K
  class space    used 2740K, capacity 2943K, committed 2992K, reserved 1048576K
}
Event: 8.280 GC heap before
{Heap before GC invocations=9 (full 1):
 PSYoungGen      total 277504K, used 58748K [0x000000076b600000, 0x0000000787200000, 0x00000007c0000000)
  eden space 260096K, 15% used [0x000000076b600000,0x000000076de61520,0x000000077b400000)
  from space 17408K, 99% used [0x000000077b400000,0x000000077c4fdb60,0x000000077c500000)
  to   space 31744K, 0% used [0x0000000785300000,0x0000000785300000,0x0000000787200000)
 ParOldGen       total 123904K, used 46186K [0x00000006c2200000, 0x00000006c9b00000, 0x000000076b600000)
  object space 123904K, 37% used [0x00000006c2200000,0x00000006c4f1ab60,0x00000006c9b00000)
 Metaspace       used 23632K, capacity 24224K, committed 24496K, reserved 1071104K
  class space    used 2741K, capacity 2943K, committed 2992K, reserved 1048576K
Event: 8.287 GC heap after
Heap after GC invocations=9 (full 1):
 PSYoungGen      total 422912K, used 10193K [0x000000076b600000, 0x0000000787200000, 0x00000007c0000000)
  eden space 391168K, 0% used [0x000000076b600000,0x000000076b600000,0x0000000783400000)
  from space 31744K, 32% used [0x0000000785300000,0x0000000785cf46a8,0x0000000787200000)
  to   space 31744K, 0% used [0x0000000783400000,0x0000000783400000,0x0000000785300000)
 ParOldGen       total 123904K, used 46186K [0x00000006c2200000, 0x00000006c9b00000, 0x000000076b600000)
  object space 123904K, 37% used [0x00000006c2200000,0x00000006c4f1ab60,0x00000006c9b00000)
 Metaspace       used 23632K, capacity 24224K, committed 24496K, reserved 1071104K
  class space    used 2741K, capacity 2943K, committed 2992K, reserved 1048576K
}
Event: 8.287 GC heap before
{Heap before GC invocations=10 (full 2):
 PSYoungGen      total 422912K, used 10193K [0x000000076b600000, 0x0000000787200000, 0x00000007c0000000)
  eden space 391168K, 0% used [0x000000076b600000,0x000000076b600000,0x0000000783400000)
  from space 31744K, 32% used [0x0000000785300000,0x0000000785cf46a8,0x0000000787200000)
  to   space 31744K, 0% used [0x0000000783400000,0x0000000783400000,0x0000000785300000)
 ParOldGen       total 123904K, used 46186K [0x00000006c2200000, 0x00000006c9b00000, 0x000000076b600000)
  object space 123904K, 37% used [0x00000006c2200000,0x00000006c4f1ab60,0x00000006c9b00000)
 Metaspace       used 23632K, capacity 24224K, committed 24496K, reserved 1071104K
  class space    used 2741K, capacity 2943K, committed 2992K, reserved 1048576K

